Arguments: 
  C:\Program Files\nodejs\node.exe C:\Users\ly\AppData\Roaming\npm\node_modules\yarn\bin\yarn.js add vue-cli-plugin-vit -D --tilde

PATH: 
  C:\Users\ly\Desktop\新建文件夹\projects\myBlog\secret821\node_modules\.bin;C:\Users\ly\Desktop\新建文件夹\projects\myBlog\node_modules\.bin;C:\Users\ly\Desktop\新建文件夹\projects\node_modules\.bin;C:\Users\ly\Desktop\新建文件夹\node_modules\.bin;C:\Users\ly\Desktop\node_modules\.bin;C:\Users\ly\node_modules\.bin;C:\Users\node_modules\.bin;C:\node_modules\.bin;C:\Program Files\nodejs;C:\Windows\system32;C:\Windows;C:\Windows\System32\Wbem;C:\Windows\System32\WindowsPowerShell\v1.0\;C:\Windows\System32\OpenSSH\;C:\Program Files\nodejs\;%NODE_PATH%;C:\Program Files\Git\cmd;C:\Program Files\PowerShell\7\;C:\Users\ly\AppData\Local\Microsoft\WindowsApps;;C:\Users\ly\AppData\Local\Programs\Microsoft VS Code\bin;C:\Users\ly\AppData\Roaming\npm

Yarn version: 
  1.22.19

Node version: 
  16.16.0

Platform: 
  win32 x64

Trace: 
  Error: https://registry.npm.taobao.org/vue-cli-plugin-vit: [NOT_FOUND] vue-cli-plugin-vit not found
      at Request.params.callback [as _callback] (C:\Users\ly\AppData\Roaming\npm\node_modules\yarn\lib\cli.js:66145:18)
      at Request.self.callback (C:\Users\ly\AppData\Roaming\npm\node_modules\yarn\lib\cli.js:140890:22)
      at Request.emit (node:events:527:28)
      at Request.<anonymous> (C:\Users\ly\AppData\Roaming\npm\node_modules\yarn\lib\cli.js:141862:10)
      at Request.emit (node:events:527:28)
      at Gunzip.<anonymous> (C:\Users\ly\AppData\Roaming\npm\node_modules\yarn\lib\cli.js:141784:12)
      at Object.onceWrapper (node:events:641:28)
      at Gunzip.emit (node:events:527:28)
      at endReadableNT (node:internal/streams/readable:1345:12)
      at processTicksAndRejections (node:internal/process/task_queues:83:21)

npm manifest: 
  {
    "scripts": {
      "docs:dev": "vuepress dev docs",
      "docs:build": "vuepress build docs"
    },
    "name": "vuepress",
    "version": "1.0.0",
    "main": "index.js",
    "directories": {
      "doc": "docs"
    },
    "author": "",
    "license": "ISC",
    "description": "",
    "devDependencies": {
      "vuepress": "^1.8.2"
    },
    "dependencies": {
      "vuepress-plugin-demo-block": "^0.7.2"
    },
    "homepage": "https://secret821/secret821"
  }

yarn manifest: 
  No manifest

Lockfile: 
  No lockfile
